\BOOKMARK [0][-]{chapter*.5}{\376\377\000G\000e\000n\000e\000r\000a\000l\000\040\000I\000n\000t\000r\000o\000d\000u\000c\000t\000i\000o\000n}{}% 1
\BOOKMARK [-1][-]{part.1}{\376\377\000I\000\040\000S\000t\000a\000t\000e\000\040\000o\000f\000\040\000t\000h\000e\000\040\000a\000r\000t}{}% 2
\BOOKMARK [0][-]{chapter.1}{\376\377\000S\000i\000g\000n\000\040\000l\000a\000n\000g\000u\000a\000g\000e\000s\000\040\000r\000e\000c\000o\000g\000n\000i\000t\000i\000o\000n}{part.1}% 3
\BOOKMARK [1][-]{section.1.1}{\376\377\000I\000n\000t\000r\000o\000d\000u\000c\000t\000i\000o\000n}{chapter.1}% 4
\BOOKMARK [1][-]{section.1.2}{\376\377\000S\000i\000g\000n\000\040\000l\000a\000n\000g\000u\000a\000g\000e\000s}{chapter.1}% 5
\BOOKMARK [2][-]{subsection.1.2.1}{\376\377\000M\000o\000s\000t\000\040\000s\000i\000g\000n\000\040\000l\000a\000n\000g\000u\000a\000g\000e\000s\000\040\000u\000s\000e\000d\000\040\000i\000n\000\040\000t\000h\000e\000\040\000w\000o\000r\000l\000d}{section.1.2}% 6
\BOOKMARK [2][-]{subsection.1.2.2}{\376\377\000S\000i\000g\000n\000\040\000l\000a\000n\000g\000u\000a\000g\000e\000s\000\040\000i\000n\000\040\000A\000l\000g\000e\000r\000i\000a}{section.1.2}% 7
\BOOKMARK [2][-]{subsection.1.2.3}{\376\377\000A\000l\000g\000e\000r\000i\000a\000n\000\040\000S\000i\000g\000n\000\040\000L\000a\000n\000g\000u\000a\000g\000e}{section.1.2}% 8
\BOOKMARK [1][-]{section.1.3}{\376\377\000S\000i\000g\000n\000\040\000l\000a\000n\000g\000u\000a\000g\000e\000\040\000r\000e\000c\000o\000g\000n\000i\000t\000i\000o\000n}{chapter.1}% 9
\BOOKMARK [2][-]{subsection.1.3.1}{\376\377\000D\000e\000f\000i\000n\000i\000t\000i\000o\000n}{section.1.3}% 10
\BOOKMARK [2][-]{subsection.1.3.2}{\376\377\000S\000L\000R\000\040\000a\000p\000p\000l\000i\000c\000a\000t\000i\000o\000n\000s\000\040\000a\000n\000d\000\040\000f\000i\000e\000l\000d\000s\000\040\000o\000f\000\040\000u\000s\000e}{section.1.3}% 11
\BOOKMARK [3][-]{subsubsection.1.3.2.1}{\376\377\000S\000L\000\040\000t\000r\000a\000n\000s\000l\000a\000t\000i\000o\000n}{subsection.1.3.2}% 12
\BOOKMARK [3][-]{subsubsection.1.3.2.2}{\376\377\000V\000i\000r\000t\000u\000a\000l\000\040\000a\000n\000d\000\040\000a\000u\000g\000m\000e\000n\000t\000e\000d\000\040\000r\000e\000a\000l\000i\000t\000y}{subsection.1.3.2}% 13
\BOOKMARK [3][-]{subsubsection.1.3.2.3}{\376\377\000R\000e\000s\000e\000a\000r\000c\000h\000\040\000a\000n\000d\000\040\000l\000i\000n\000g\000u\000i\000s\000t\000i\000c\000s}{subsection.1.3.2}% 14
\BOOKMARK [1][-]{section.1.4}{\376\377\000D\000e\000e\000p\000\040\000L\000e\000a\000r\000n\000i\000n\000g\000\040\000f\000o\000r\000\040\000S\000L\000R}{chapter.1}% 15
\BOOKMARK [1][-]{section.1.5}{\376\377\000C\000o\000n\000c\000l\000u\000s\000i\000o\000n}{chapter.1}% 16
\BOOKMARK [0][-]{chapter.2}{\376\377\000R\000e\000l\000a\000t\000e\000d\000\040\000w\000o\000r\000k\000s}{part.1}% 17
\BOOKMARK [1][-]{section.2.1}{\376\377\000I\000n\000t\000r\000o\000d\000u\000c\000t\000i\000o\000n}{chapter.2}% 18
\BOOKMARK [1][-]{section.2.2}{\376\377\000D\000a\000t\000a\000s\000e\000t\000s\000\040\000f\000o\000r\000\040\000t\000r\000a\000i\000n\000i\000n\000g\000\040\000a\000n\000d\000\040\000e\000v\000a\000l\000u\000a\000t\000i\000o\000n}{chapter.2}% 19
\BOOKMARK [1][-]{section.2.3}{\376\377\000M\000e\000t\000h\000o\000d\000s\000\040\000o\000f\000\040\000S\000L\000R}{chapter.2}% 20
\BOOKMARK [2][-]{subsection.2.3.1}{\376\377\000H\000M\000M}{section.2.3}% 21
\BOOKMARK [2][-]{subsection.2.3.2}{\376\377\000N\000N\000s}{section.2.3}% 22
\BOOKMARK [2][-]{subsection.2.3.3}{\376\377\000S\000V\000M\000\040}{section.2.3}% 23
\BOOKMARK [2][-]{subsection.2.3.4}{\376\377\000F\000u\000z\000z\000y\000\040\000S\000e\000t\000s}{section.2.3}% 24
\BOOKMARK [1][-]{section.2.4}{\376\377\000S\000y\000n\000t\000h\000e\000s\000i\000s}{chapter.2}% 25
\BOOKMARK [1][-]{section.2.5}{\376\377\000C\000h\000a\000l\000l\000e\000n\000g\000e\000s\000\040\000a\000n\000d\000\040\000F\000u\000t\000u\000r\000e\000\040\000D\000i\000r\000e\000c\000t\000i\000o\000n\000s}{chapter.2}% 26
\BOOKMARK [-1][-]{part.2}{\376\377\000I\000I\000\040\000C\000o\000n\000t\000r\000i\000b\000u\000t\000i\000o\000n}{}% 27
\BOOKMARK [0][-]{chapter.3}{\376\377\000C\000o\000n\000c\000e\000p\000t\000i\000o\000n\000\040\000o\000f\000\040\000T\000A\000K\000A\000L\000E\000M\000\040\000g\000l\000o\000v\000e\000s}{part.2}% 28
\BOOKMARK [1][-]{section.3.1}{\376\377\000I\000n\000t\000r\000o\000d\000u\000c\000t\000i\000o\000n}{chapter.3}% 29
\BOOKMARK [1][-]{section.3.2}{\376\377\000H\000a\000r\000d\000w\000a\000r\000e\000\040\000a\000r\000c\000h\000i\000t\000e\000c\000t\000u\000r\000e\000\040\000a\000n\000d\000\040\000c\000o\000n\000f\000i\000g\000u\000r\000a\000t\000i\000o\000n}{chapter.3}% 30
\BOOKMARK [2][-]{subsection.3.2.1}{\376\377\000E\000S\000P\0003\0002\000\040\000W\000R\000O\000O\000M}{section.3.2}% 31
\BOOKMARK [2][-]{subsection.3.2.2}{\376\377\000F\000l\000e\000x\000\040\000s\000e\000n\000s\000o\000r}{section.3.2}% 32
\BOOKMARK [2][-]{subsection.3.2.3}{\376\377\000M\000P\000U\0006\0000\0005\0000}{section.3.2}% 33
\BOOKMARK [1][-]{section.3.3}{\376\377\000D\000a\000t\000a\000s\000e\000t\000\040\000c\000o\000l\000l\000e\000c\000t\000i\000o\000n\000\040\000a\000n\000d\000\040\000p\000r\000e\000p\000r\000o\000c\000e\000s\000s\000i\000n\000g}{chapter.3}% 34
\BOOKMARK [1][-]{section.3.4}{\376\377\000P\000r\000o\000p\000o\000s\000e\000d\000\040\000d\000e\000e\000p\000\040\000l\000e\000a\000r\000n\000i\000n\000g\000\040\000a\000r\000c\000h\000i\000t\000e\000c\000t\000u\000r\000e}{chapter.3}% 35
\BOOKMARK [1][-]{section.3.5}{\376\377\000E\000v\000a\000l\000u\000a\000t\000i\000o\000n\000\040\000c\000r\000i\000t\000e\000r\000i\000a}{chapter.3}% 36
\BOOKMARK [2][-]{subsection.3.5.1}{\376\377\000A\000c\000c\000u\000r\000a\000c\000y}{section.3.5}% 37
\BOOKMARK [2][-]{subsection.3.5.2}{\376\377\000P\000r\000e\000c\000i\000s\000i\000o\000n\000\040\000a\000n\000d\000\040\000m\000a\000c\000r\000o\000-\000a\000v\000e\000r\000a\000g\000e\000\040\000p\000r\000e\000c\000i\000s\000i\000o\000n}{section.3.5}% 38
\BOOKMARK [2][-]{subsection.3.5.3}{\376\377\000R\000e\000c\000a\000l\000l\000\040\000a\000n\000d\000\040\000m\000a\000c\000r\000o\000-\000a\000v\000e\000r\000a\000g\000e\000\040\000r\000e\000c\000a\000l\000l}{section.3.5}% 39
\BOOKMARK [2][-]{subsection.3.5.4}{\376\377\000F\0001\000\040\000s\000c\000o\000r\000e\000\040\000a\000n\000d\000\040\000m\000a\000c\000r\000o\000-\000a\000v\000e\000r\000a\000g\000e\000\040\000f\0001\000\040\000s\000c\000o\000r\000e}{section.3.5}% 40
\BOOKMARK [1][-]{section.3.6}{\376\377\000R\000e\000s\000u\000l\000t\000s}{chapter.3}% 41
\BOOKMARK [2][-]{subsection.3.6.1}{\376\377\000W\000o\000r\000d\000\040\000R\000e\000c\000o\000g\000n\000i\000t\000i\000o\000n\000\040\000R\000e\000s\000u\000l\000t\000s}{section.3.6}% 42
\BOOKMARK [2][-]{subsection.3.6.2}{\376\377\000C\000h\000a\000r\000a\000c\000t\000e\000r\000\040\000R\000e\000c\000o\000g\000n\000i\000t\000i\000o\000n\000\040\000R\000e\000s\000u\000l\000t\000s}{section.3.6}% 43
\BOOKMARK [1][-]{section.3.7}{\376\377\000C\000o\000n\000c\000l\000u\000s\000i\000o\000n}{chapter.3}% 44
\BOOKMARK [0][-]{section.3.7}{\376\377\000G\000e\000n\000e\000r\000a\000l\000\040\000C\000o\000n\000c\000l\000u\000s\000i\000o\000n}{part.2}% 45
